<?xml version="1.0" encoding="UTF-8"?>
<!-- Generated by org.testng.reporters.JUnitReportReporter -->
<testsuite skipped="0" hostname="DESKTOP-568FIR7" name="Hello" tests="1" failures="0" timestamp="2020-09-13T12:39:36 IST" time="0.020" errors="0">
  <testcase name="hello" time="0.020" classname="Hello"/>
  <system-out/>
</testsuite> <!-- Hello -->
